D:\GITHUB\MFC_MINI_REGISTER\REGISTER\DEBUG\REGISTER.PCH
D:\GITHUB\MFC_MINI_REGISTER\REGISTER\DEBUG\STDAFX.OBJ
D:\GITHUB\MFC_MINI_REGISTER\REGISTER\DEBUG\VC110.PDB
D:\GITHUB\MFC_MINI_REGISTER\REGISTER\DEBUG\PNGBUTTON.OBJ
D:\GITHUB\MFC_MINI_REGISTER\REGISTER\DEBUG\REGISTER.OBJ
D:\GITHUB\MFC_MINI_REGISTER\REGISTER\DEBUG\REGISTERDLG.OBJ
D:\GITHUB\MFC_MINI_REGISTER\REGISTER\DEBUG\SYS.OBJ
D:\GITHUB\MFC_MINI_REGISTER\REGISTER\DEBUG\PICTUREFRAME.OBJ
D:\GITHUB\MFC_MINI_REGISTER\REGISTER\DEBUG\MEDIATOR.OBJ
D:\GITHUB\MFC_MINI_REGISTER\DEBUG\REGISTER.ILK
D:\GITHUB\MFC_MINI_REGISTER\DEBUG\REGISTER.EXE
D:\GITHUB\MFC_MINI_REGISTER\DEBUG\REGISTER.PDB
D:\GITHUB\MFC_MINI_REGISTER\REGISTER\DEBUG\REGISTER.RES
D:\github\mfc_mini_register\Register\Debug\Mediator.obj
D:\github\mfc_mini_register\Register\Debug\PictureFrame.obj
D:\github\mfc_mini_register\Register\Debug\PNGButton.obj
D:\github\mfc_mini_register\Register\Debug\Register.obj
D:\github\mfc_mini_register\Register\Debug\RegisterDlg.obj
D:\github\mfc_mini_register\Register\Debug\stdafx.obj
D:\github\mfc_mini_register\Register\Debug\Sys.obj
D:\github\mfc_mini_register\Register\Debug\cl.command.1.tlog
D:\github\mfc_mini_register\Register\Debug\CL.read.1.tlog
D:\github\mfc_mini_register\Register\Debug\CL.write.1.tlog
D:\github\mfc_mini_register\Register\Debug\link-cvtres.read.1.tlog
D:\github\mfc_mini_register\Register\Debug\link-cvtres.write.1.tlog
D:\github\mfc_mini_register\Register\Debug\link-mt.read.1.tlog
D:\github\mfc_mini_register\Register\Debug\link-mt.write.1.tlog
D:\github\mfc_mini_register\Register\Debug\link-rc.read.1.tlog
D:\github\mfc_mini_register\Register\Debug\link-rc.write.1.tlog
D:\github\mfc_mini_register\Register\Debug\link.2292-cvtres.read.1.tlog
D:\github\mfc_mini_register\Register\Debug\link.2292-cvtres.write.1.tlog
D:\github\mfc_mini_register\Register\Debug\link.2292-mt.read.1.tlog
D:\github\mfc_mini_register\Register\Debug\link.2292-mt.write.1.tlog
D:\github\mfc_mini_register\Register\Debug\link.2292-rc.read.1.tlog
D:\github\mfc_mini_register\Register\Debug\link.2292-rc.write.1.tlog
D:\github\mfc_mini_register\Register\Debug\link.2292.read.1.tlog
D:\github\mfc_mini_register\Register\Debug\link.2292.write.1.tlog
D:\github\mfc_mini_register\Register\Debug\link.2324-cvtres.read.1.tlog
D:\github\mfc_mini_register\Register\Debug\link.2324-cvtres.write.1.tlog
D:\github\mfc_mini_register\Register\Debug\link.2324-mt.read.1.tlog
D:\github\mfc_mini_register\Register\Debug\link.2324-mt.write.1.tlog
D:\github\mfc_mini_register\Register\Debug\link.2324-rc.read.1.tlog
D:\github\mfc_mini_register\Register\Debug\link.2324-rc.write.1.tlog
D:\github\mfc_mini_register\Register\Debug\link.2324.read.1.tlog
D:\github\mfc_mini_register\Register\Debug\link.2324.write.1.tlog
D:\github\mfc_mini_register\Register\Debug\link.6500-cvtres.read.1.tlog
D:\github\mfc_mini_register\Register\Debug\link.6500-cvtres.write.1.tlog
D:\github\mfc_mini_register\Register\Debug\link.6500-mt.read.1.tlog
D:\github\mfc_mini_register\Register\Debug\link.6500-mt.write.1.tlog
D:\github\mfc_mini_register\Register\Debug\link.6500-rc.read.1.tlog
D:\github\mfc_mini_register\Register\Debug\link.6500-rc.write.1.tlog
D:\github\mfc_mini_register\Register\Debug\link.6500.read.1.tlog
D:\github\mfc_mini_register\Register\Debug\link.6500.write.1.tlog
D:\github\mfc_mini_register\Register\Debug\link.7672-cvtres.read.1.tlog
D:\github\mfc_mini_register\Register\Debug\link.7672-cvtres.write.1.tlog
D:\github\mfc_mini_register\Register\Debug\link.7672-mt.read.1.tlog
D:\github\mfc_mini_register\Register\Debug\link.7672-mt.write.1.tlog
D:\github\mfc_mini_register\Register\Debug\link.7672-rc.read.1.tlog
D:\github\mfc_mini_register\Register\Debug\link.7672-rc.write.1.tlog
D:\github\mfc_mini_register\Register\Debug\link.7672.read.1.tlog
D:\github\mfc_mini_register\Register\Debug\link.7672.write.1.tlog
D:\github\mfc_mini_register\Register\Debug\link.9092-cvtres.read.1.tlog
D:\github\mfc_mini_register\Register\Debug\link.9092-cvtres.write.1.tlog
D:\github\mfc_mini_register\Register\Debug\link.9092-mt.read.1.tlog
D:\github\mfc_mini_register\Register\Debug\link.9092-mt.write.1.tlog
D:\github\mfc_mini_register\Register\Debug\link.9092-rc.read.1.tlog
D:\github\mfc_mini_register\Register\Debug\link.9092-rc.write.1.tlog
D:\github\mfc_mini_register\Register\Debug\link.9092.read.1.tlog
D:\github\mfc_mini_register\Register\Debug\link.9092.write.1.tlog
D:\github\mfc_mini_register\Register\Debug\link.command.1.tlog
D:\github\mfc_mini_register\Register\Debug\link.read.1.tlog
D:\github\mfc_mini_register\Register\Debug\link.write.1.tlog
D:\github\mfc_mini_register\Register\Debug\rc.command.1.tlog
D:\github\mfc_mini_register\Register\Debug\rc.read.1.tlog
D:\github\mfc_mini_register\Register\Debug\rc.write.1.tlog
D:\github\mfc_mini_register\Register\Debug\Register.res
D:\github\mfc_mini_register\Register\Debug\Register.pch
D:\github\mfc_mini_register\Register\Debug\vc110.idb
D:\github\mfc_mini_register\Register\Debug\vc110.pdb
D:\github\mfc_mini_register\Debug\Register.pdb
D:\github\mfc_mini_register\Debug\Register.exe
D:\github\mfc_mini_register\Debug\Register.ilk
