D:\GITHUB\MFC_MINI_REGISTER\REGISTER\RELEASE\REGISTER.PCH
D:\GITHUB\MFC_MINI_REGISTER\REGISTER\RELEASE\STDAFX.OBJ
D:\GITHUB\MFC_MINI_REGISTER\REGISTER\RELEASE\VC110.PDB
D:\GITHUB\MFC_MINI_REGISTER\REGISTER\RELEASE\TEXT.OBJ
D:\GITHUB\MFC_MINI_REGISTER\REGISTER\RELEASE\EDITEX.OBJ
D:\GITHUB\MFC_MINI_REGISTER\REGISTER\RELEASE\SYS.OBJ
D:\GITHUB\MFC_MINI_REGISTER\REGISTER\RELEASE\REGISTERDLG.OBJ
D:\GITHUB\MFC_MINI_REGISTER\REGISTER\RELEASE\REGISTER.OBJ
D:\GITHUB\MFC_MINI_REGISTER\REGISTER\RELEASE\PICTUREFRAME.OBJ
D:\GITHUB\MFC_MINI_REGISTER\REGISTER\RELEASE\MEDIATOR.OBJ
D:\GITHUB\MFC_MINI_REGISTER\REGISTER\RELEASE\CHECKBOX.OBJ
D:\GITHUB\MFC_MINI_REGISTER\REGISTER\RELEASE\TEXTBUTTON.OBJ
D:\GITHUB\MFC_MINI_REGISTER\REGISTER\RELEASE\PNGBUTTON.OBJ
D:\GITHUB\MFC_MINI_REGISTER\REGISTER\RELEASE\LINKBUTTON.OBJ
D:\GITHUB\MFC_MINI_REGISTER\REGISTER\RELEASE\BASECONTROL.OBJ
D:\GITHUB\MFC_MINI_REGISTER\RELEASE\REGISTER.EXE
D:\GITHUB\MFC_MINI_REGISTER\RELEASE\REGISTER.PDB
D:\GITHUB\MFC_MINI_REGISTER\REGISTER\RELEASE\REGISTER.RES
D:\github\mfc_mini_register\Register\Release\BaseControl.obj
D:\github\mfc_mini_register\Register\Release\CheckBox.obj
D:\github\mfc_mini_register\Register\Release\EditEX.obj
D:\github\mfc_mini_register\Register\Release\LinkButton.obj
D:\github\mfc_mini_register\Register\Release\Mediator.obj
D:\github\mfc_mini_register\Register\Release\PictureFrame.obj
D:\github\mfc_mini_register\Register\Release\PNGButton.obj
D:\github\mfc_mini_register\Register\Release\Register.obj
D:\github\mfc_mini_register\Register\Release\RegisterDlg.obj
D:\github\mfc_mini_register\Register\Release\stdafx.obj
D:\github\mfc_mini_register\Register\Release\Sys.obj
D:\github\mfc_mini_register\Register\Release\Text.obj
D:\github\mfc_mini_register\Register\Release\TextButton.obj
D:\github\mfc_mini_register\Register\Release\cl.command.1.tlog
D:\github\mfc_mini_register\Register\Release\CL.read.1.tlog
D:\github\mfc_mini_register\Register\Release\CL.write.1.tlog
D:\github\mfc_mini_register\Register\Release\link-cvtres.read.1.tlog
D:\github\mfc_mini_register\Register\Release\link-cvtres.write.1.tlog
D:\github\mfc_mini_register\Register\Release\link-mt.read.1.tlog
D:\github\mfc_mini_register\Register\Release\link-mt.write.1.tlog
D:\github\mfc_mini_register\Register\Release\link-rc.read.1.tlog
D:\github\mfc_mini_register\Register\Release\link-rc.write.1.tlog
D:\github\mfc_mini_register\Register\Release\link.command.1.tlog
D:\github\mfc_mini_register\Register\Release\link.read.1.tlog
D:\github\mfc_mini_register\Register\Release\link.write.1.tlog
D:\github\mfc_mini_register\Register\Release\rc.command.1.tlog
D:\github\mfc_mini_register\Register\Release\rc.read.1.tlog
D:\github\mfc_mini_register\Register\Release\rc.write.1.tlog
D:\github\mfc_mini_register\Register\Release\Register.res
D:\github\mfc_mini_register\Register\Release\Register.pch
D:\github\mfc_mini_register\Register\Release\vc110.pdb
D:\github\mfc_mini_register\Release\Register.pdb
D:\github\mfc_mini_register\Release\Register.exe
